-------------------------------------------------------------------------------
Test set: Tests.TinyMCE.TinyMCE_HeadlineTest
-------------------------------------------------------------------------------
Tests run: 12, Failures: 0, Errors: 1, Skipped: 0, Time elapsed: 96.769 s <<< FAILURE! - in Tests.TinyMCE.TinyMCE_HeadlineTest
alignment_Headline(Tests.TinyMCE.TinyMCE_HeadlineTest)  Time elapsed: 11.745 s  <<< ERROR!
org.openqa.selenium.TimeoutException: 
Expected condition failed: waiting for visibility of [[ChromeDriver: chrome on XP (b4b9ce25cbf6b9b7ae9bb5a01c33c028)] -> xpath: //div[@class='mce-left-aligment']] (tried for 5 second(s) with 300 milliseconds interval)
Build info: version: '3.14.0', revision: 'aacccce0', time: '2018-08-02T20:19:58.91Z'
System info: host: 'ECLIPSE', ip: '192.168.163.2', os.name: 'Windows 8.1', os.arch: 'amd64', os.version: '6.3', java.version: '1.8.0_171'
Driver info: org.openqa.selenium.chrome.ChromeDriver
Capabilities {acceptInsecureCerts: false, acceptSslCerts: false, applicationCacheEnabled: false, browserConnectionEnabled: false, browserName: chrome, chrome: {chromedriverVersion: 2.41.578737 (49da6702b16031..., userDataDir: C:\Users\Pavel\AppData\Loca...}, cssSelectorsEnabled: true, databaseEnabled: false, goog:chromeOptions: {debuggerAddress: localhost:8293}, handlesAlerts: true, hasTouchScreen: false, javascriptEnabled: true, locationContextEnabled: true, mobileEmulationEnabled: false, nativeEvents: true, networkConnectionEnabled: false, pageLoadStrategy: normal, platform: XP, platformName: XP, rotatable: false, setWindowRect: true, takesHeapSnapshot: true, takesScreenshot: true, unexpectedAlertBehaviour: , unhandledPromptBehavior: , version: 68.0.3440.106, webStorageEnabled: true}
Session ID: b4b9ce25cbf6b9b7ae9bb5a01c33c028
	at Tests.TinyMCE.TinyMCE_HeadlineTest.alignment_Headline(TinyMCE_HeadlineTest.java:94)

