<?xml version="1.0" encoding="UTF-8"?>
<testsuite xmlns:xsi="http://www.w3.org/2001/XMLSchema-instance" xsi:noNamespaceSchemaLocation="https://maven.apache.org/surefire/maven-surefire-plugin/xsd/surefire-test-report.xsd" name="Tests.TinyMCE.TinyMCE_ParagraphTest" time="124.437" tests="24" errors="1" skipped="0" failures="0">
  <properties>
[...]
</properties>
  <testcase name="boid_italic_underline_quote_color_Paragraph" classname="Tests.TinyMCE.TinyMCE_ParagraphTest" time="6.99"/>
  <testcase name="ChangeFontSizeH1_AndWithSlider_Paragraph" classname="Tests.TinyMCE.TinyMCE_ParagraphTest" time="4.915"/>
  <testcase name="color_Paragraph" classname="Tests.TinyMCE.TinyMCE_ParagraphTest" time="4.042"/>
  <testcase name="insertLink_Paragraph" classname="Tests.TinyMCE.TinyMCE_ParagraphTest" time="4.32"/>
  <testcase name="underline_Paragraph" classname="Tests.TinyMCE.TinyMCE_ParagraphTest" time="3.209"/>
  <testcase name="changeFontSize_Paragraph" classname="Tests.TinyMCE.TinyMCE_ParagraphTest" time="5.264"/>
  <testcase name="changeFontSizeWithSlider_AndH1_Paragraph" classname="Tests.TinyMCE.TinyMCE_ParagraphTest" time="4.861"/>
  <testcase name="boid_italic_underline_Paragraph" classname="Tests.TinyMCE.TinyMCE_ParagraphTest" time="4.307"/>
  <testcase name="italic_Paragraph" classname="Tests.TinyMCE.TinyMCE_ParagraphTest" time="3.371"/>
  <testcase name="boid_Paragraph" classname="Tests.TinyMCE.TinyMCE_ParagraphTest" time="4.074"/>
  <testcase name="globalStyles_Paragraph" classname="Tests.TinyMCE.TinyMCE_ParagraphTest" time="5.775"/>
  <testcase name="numberedList_Paragraph" classname="Tests.TinyMCE.TinyMCE_ParagraphTest" time="4.529"/>
  <testcase name="boid_italic_underline_quote_Paragraph" classname="Tests.TinyMCE.TinyMCE_ParagraphTest" time="3.803"/>
  <testcase name="alignment_Paragraph" classname="Tests.TinyMCE.TinyMCE_ParagraphTest" time="8.79">
    <error message="Expected condition failed: waiting for visibility of [[ChromeDriver: chrome on XP (ed6f0f847d07dc2db77d8a5c760c8d06)] -&gt; xpath: //p[@class=&apos;mce-left-aligment&apos;]] (tried for 5 second(s) with 300 milliseconds interval)&#10;Build info: version: &apos;3.14.0&apos;, revision: &apos;aacccce0&apos;, time: &apos;2018-08-02T20:19:58.91Z&apos;&#10;System info: host: &apos;ECLIPSE&apos;, ip: &apos;192.168.163.2&apos;, os.name: &apos;Windows 8.1&apos;, os.arch: &apos;amd64&apos;, os.version: &apos;6.3&apos;, java.version: &apos;1.8.0_171&apos;&#10;Driver info: org.openqa.selenium.chrome.ChromeDriver&#10;Capabilities {acceptInsecureCerts: false, acceptSslCerts: false, applicationCacheEnabled: false, browserConnectionEnabled: false, browserName: chrome, chrome: {chromedriverVersion: 2.41.578737 (49da6702b16031..., userDataDir: C:\Users\Pavel\AppData\Loca...}, cssSelectorsEnabled: true, databaseEnabled: false, goog:chromeOptions: {debuggerAddress: localhost:8292}, handlesAlerts: true, hasTouchScreen: false, javascriptEnabled: true, locationContextEnabled: true, mobileEmulationEnabled: false, nativeEvents: true, networkConnectionEnabled: false, pageLoadStrategy: normal, platform: XP, platformName: XP, rotatable: false, setWindowRect: true, takesHeapSnapshot: true, takesScreenshot: true, unexpectedAlertBehaviour: , unhandledPromptBehavior: , version: 68.0.3440.106, webStorageEnabled: true}&#10;Session ID: ed6f0f847d07dc2db77d8a5c760c8d06" type="org.openqa.selenium.TimeoutException">org.openqa.selenium.TimeoutException: 
Expected condition failed: waiting for visibility of [[ChromeDriver: chrome on XP (ed6f0f847d07dc2db77d8a5c760c8d06)] -> xpath: //p[@class='mce-left-aligment']] (tried for 5 second(s) with 300 milliseconds interval)
Build info: version: '3.14.0', revision: 'aacccce0', time: '2018-08-02T20:19:58.91Z'
System info: host: 'ECLIPSE', ip: '192.168.163.2', os.name: 'Windows 8.1', os.arch: 'amd64', os.version: '6.3', java.version: '1.8.0_171'
Driver info: org.openqa.selenium.chrome.ChromeDriver
Capabilities {acceptInsecureCerts: false, acceptSslCerts: false, applicationCacheEnabled: false, browserConnectionEnabled: false, browserName: chrome, chrome: {chromedriverVersion: 2.41.578737 (49da6702b16031..., userDataDir: C:\Users\Pavel\AppData\Loca...}, cssSelectorsEnabled: true, databaseEnabled: false, goog:chromeOptions: {debuggerAddress: localhost:8292}, handlesAlerts: true, hasTouchScreen: false, javascriptEnabled: true, locationContextEnabled: true, mobileEmulationEnabled: false, nativeEvents: true, networkConnectionEnabled: false, pageLoadStrategy: normal, platform: XP, platformName: XP, rotatable: false, setWindowRect: true, takesHeapSnapshot: true, takesScreenshot: true, unexpectedAlertBehaviour: , unhandledPromptBehavior: , version: 68.0.3440.106, webStorageEnabled: true}
Session ID: ed6f0f847d07dc2db77d8a5c760c8d06
	at Tests.TinyMCE.TinyMCE_ParagraphTest.alignment_Paragraph(TinyMCE_ParagraphTest.java:112)
</error>
  </testcase>
  <testcase name="boid_italic_underline_quote_color_fontSizeWithSlider_Paragraph" classname="Tests.TinyMCE.TinyMCE_ParagraphTest" time="7.403"/>
  <testcase name="insertLinkToUserPage_applyAllStyles_Paragraph" classname="Tests.TinyMCE.TinyMCE_ParagraphTest" time="11.19"/>
  <testcase name="boid_italic_Paragraph" classname="Tests.TinyMCE.TinyMCE_ParagraphTest" time="3.771"/>
  <testcase name="quote_Paragraph" classname="Tests.TinyMCE.TinyMCE_ParagraphTest" time="3.421"/>
  <testcase name="insertLink_changeFontSizeWithSlider_Paragraph" classname="Tests.TinyMCE.TinyMCE_ParagraphTest" time="5.641"/>
  <testcase name="changeFontSizeWithSlider_Paragraph" classname="Tests.TinyMCE.TinyMCE_ParagraphTest" time="4.084"/>
  <testcase name="bulletedList_Paragraph" classname="Tests.TinyMCE.TinyMCE_ParagraphTest" time="4.142"/>
  <testcase name="changeFontFamily_Paragraph" classname="Tests.TinyMCE.TinyMCE_ParagraphTest" time="3.956"/>
  <testcase name="applyList_changeFontSizeWithSlider_Paragraph" classname="Tests.TinyMCE.TinyMCE_ParagraphTest" time="6.087"/>
  <testcase name="boid_italic_underline_quote_color_font_family_Paragraph" classname="Tests.TinyMCE.TinyMCE_ParagraphTest" time="6.085"/>
</testsuite>