<?xml version="1.0" encoding="UTF-8" ?>
<testsuite tests="33" failures="0" name="AddedSectionTest" time="195.369" errors="1" skipped="0">
  <properties>
[...]
</properties>
  <testcase classname="AddedSectionTest" name="boid_italic_underline_quote" time="4.49"/>
  <testcase classname="AddedSectionTest" name="changeFontSizeForBr_H" time="10.74"/>
  <testcase classname="AddedSectionTest" name="boid_italic" time="3.18"/>
  <testcase classname="AddedSectionTest" name="italic" time="2.972"/>
  <testcase classname="AddedSectionTest" name="underline" time="3.054"/>
  <testcase classname="AddedSectionTest" name="quoteForBr_H" time="4.857"/>
  <testcase classname="AddedSectionTest" name="changeFontFamily" time="4.537"/>
  <testcase classname="AddedSectionTest" name="globalStyles" time="6.323"/>
  <testcase classname="AddedSectionTest" name="openInNewWindow_H" time="6.665"/>
  <testcase classname="AddedSectionTest" name="boid_italic_underline" time="3.536"/>
  <testcase classname="AddedSectionTest" name="boid_italic_underline_quote_color" time="6.019"/>
  <testcase classname="AddedSectionTest" name="openInNewWindow" time="4.012"/>
  <testcase classname="AddedSectionTest" name="boid_italic_underline_quote_H" time="5.457"/>
  <testcase classname="AddedSectionTest" name="boid_italic_underline_quote_color_font_family_H" time="9.678"/>
  <testcase classname="AddedSectionTest" name="boid" time="2.957"/>
  <testcase classname="AddedSectionTest" name="test" time="2.752"/>
  <testcase classname="AddedSectionTest" name="changeFontSize" time="8.035"/>
  <testcase classname="AddedSectionTest" name="color" time="4.527"/>
  <testcase classname="AddedSectionTest" name="quote" time="5.044"/>
  <testcase classname="AddedSectionTest" name="alignmentForBr_H" time="6.354"/>
  <testcase classname="AddedSectionTest" name="insertLink_H" time="5.505"/>
  <testcase classname="AddedSectionTest" name="boid_italic_underline_H" time="5.232"/>
  <testcase classname="AddedSectionTest" name="insertLink" time="4.227"/>
  <testcase classname="AddedSectionTest" name="boldForBr_H" time="5.02"/>
  <testcase classname="AddedSectionTest" name="boid_italic_underline_quote_color_font_family" time="7.67"/>
  <testcase classname="AddedSectionTest" name="changeFontFamilyForBr_H" time="7.463"/>
  <testcase classname="AddedSectionTest" name="colorForBr_H" time="8.356"/>
  <testcase classname="AddedSectionTest" name="underlineForBr_H" time="5.156"/>
  <testcase classname="AddedSectionTest" name="boid_italic_underline_quote_color_H" time="8.573"/>
  <testcase classname="AddedSectionTest" name="boid_italic_H" time="9.92">
    <error message="Expected condition failed: waiting for element to be clickable: Proxy element for: DefaultElementLocator &apos;By.cssSelector: .mce-tinymce-inline:not([style*=&quot;display: none&quot;]) .mce-ico.mce-i-italic&apos; (tried for 5 second(s) with 300 milliseconds interval)" type="org.openqa.selenium.TimeoutException">org.openqa.selenium.TimeoutException: Expected condition failed: waiting for element to be clickable: Proxy element for: DefaultElementLocator &apos;By.cssSelector: .mce-tinymce-inline:not([style*=&quot;display: none&quot;]) .mce-ico.mce-i-italic&apos; (tried for 5 second(s) with 300 milliseconds interval)
	at org.openqa.selenium.support.ui.WebDriverWait.timeoutException(WebDriverWait.java:81)
	at org.openqa.selenium.support.ui.FluentWait.until(FluentWait.java:271)
	at AddedSectionTest.boid_italic_H(AddedSectionTest.java:375)
	at sun.reflect.NativeMethodAccessorImpl.invoke0(Native Method)
	at sun.reflect.NativeMethodAccessorImpl.invoke(NativeMethodAccessorImpl.java:62)
	at sun.reflect.DelegatingMethodAccessorImpl.invoke(DelegatingMethodAccessorImpl.java:43)
	at java.lang.reflect.Method.invoke(Method.java:498)
	at org.junit.runners.model.FrameworkMethod$1.runReflectiveCall(FrameworkMethod.java:47)
	at org.junit.internal.runners.model.ReflectiveCallable.run(ReflectiveCallable.java:12)
	at org.junit.runners.model.FrameworkMethod.invokeExplosively(FrameworkMethod.java:44)
	at org.junit.internal.runners.statements.InvokeMethod.evaluate(InvokeMethod.java:17)
	at org.junit.internal.runners.statements.RunBefores.evaluate(RunBefores.java:26)
	at org.junit.internal.runners.statements.RunAfters.evaluate(RunAfters.java:27)
	at org.junit.runners.ParentRunner.runLeaf(ParentRunner.java:271)
	at org.junit.runners.BlockJUnit4ClassRunner.runChild(BlockJUnit4ClassRunner.java:70)
	at org.junit.runners.BlockJUnit4ClassRunner.runChild(BlockJUnit4ClassRunner.java:50)
	at org.junit.runners.ParentRunner$3.run(ParentRunner.java:238)
	at org.junit.runners.ParentRunner$1.schedule(ParentRunner.java:63)
	at org.junit.runners.ParentRunner.runChildren(ParentRunner.java:236)
	at org.junit.runners.ParentRunner.access$000(ParentRunner.java:53)
	at org.junit.runners.ParentRunner$2.evaluate(ParentRunner.java:229)
	at org.junit.internal.runners.statements.RunBefores.evaluate(RunBefores.java:26)
	at org.junit.internal.runners.statements.RunAfters.evaluate(RunAfters.java:27)
	at org.junit.runners.ParentRunner.run(ParentRunner.java:309)
	at org.apache.maven.surefire.junit4.JUnit4Provider.execute(JUnit4Provider.java:252)
	at org.apache.maven.surefire.junit4.JUnit4Provider.executeTestSet(JUnit4Provider.java:141)
	at org.apache.maven.surefire.junit4.JUnit4Provider.invoke(JUnit4Provider.java:112)
	at sun.reflect.NativeMethodAccessorImpl.invoke0(Native Method)
	at sun.reflect.NativeMethodAccessorImpl.invoke(NativeMethodAccessorImpl.java:62)
	at sun.reflect.DelegatingMethodAccessorImpl.invoke(DelegatingMethodAccessorImpl.java:43)
	at java.lang.reflect.Method.invoke(Method.java:498)
	at org.apache.maven.surefire.util.ReflectionUtils.invokeMethodWithArray(ReflectionUtils.java:189)
	at org.apache.maven.surefire.booter.ProviderFactory$ProviderProxy.invoke(ProviderFactory.java:165)
	at org.apache.maven.surefire.booter.ProviderFactory.invokeProvider(ProviderFactory.java:85)
	at org.apache.maven.surefire.booter.ForkedBooter.runSuitesInProcess(ForkedBooter.java:115)
	at org.apache.maven.surefire.booter.ForkedBooter.main(ForkedBooter.java:75)
Caused by: org.openqa.selenium.NoSuchElementException: no such element: Unable to locate element: {&quot;method&quot;:&quot;css selector&quot;,&quot;selector&quot;:&quot;.mce-tinymce-inline:not([style*=&quot;display: none&quot;]) .mce-ico.mce-i-italic&quot;}
  (Session info: chrome=67.0.3396.99)
  (Driver info: chromedriver=2.40.565498 (ea082db3280dd6843ebfb08a625e3eb905c4f5ab),platform=Windows NT 6.3.9600 x86_64) (WARNING: The server did not provide any stacktrace information)
Command duration or timeout: 0 milliseconds
For documentation on this error, please visit: http://seleniumhq.org/exceptions/no_such_element.html
Build info: version: &apos;3.12.0&apos;, revision: &apos;7c6e0b3&apos;, time: &apos;2018-05-08T14:04:26.12Z&apos;
System info: host: &apos;ECLIPSE&apos;, ip: &apos;192.168.56.1&apos;, os.name: &apos;Windows 8.1&apos;, os.arch: &apos;amd64&apos;, os.version: &apos;6.3&apos;, java.version: &apos;1.8.0_171&apos;
Driver info: org.openqa.selenium.chrome.ChromeDriver
Capabilities {acceptInsecureCerts: false, acceptSslCerts: false, applicationCacheEnabled: false, browserConnectionEnabled: false, browserName: chrome, chrome: {chromedriverVersion: 2.40.565498 (ea082db3280dd6..., userDataDir: C:\Users\Pavel\AppData\Loca...}, cssSelectorsEnabled: true, databaseEnabled: false, handlesAlerts: true, hasTouchScreen: false, javascriptEnabled: true, locationContextEnabled: true, mobileEmulationEnabled: false, nativeEvents: true, networkConnectionEnabled: false, pageLoadStrategy: normal, platform: XP, platformName: XP, rotatable: false, setWindowRect: true, takesHeapSnapshot: true, takesScreenshot: true, unexpectedAlertBehaviour: , unhandledPromptBehavior: , version: 67.0.3396.99, webStorageEnabled: true}
Session ID: 04e2d844b44ca7cb499507fe103300cb
*** Element info: {Using=css selector, value=.mce-tinymce-inline:not([style*=&quot;display: none&quot;]) .mce-ico.mce-i-italic}
	at sun.reflect.GeneratedConstructorAccessor18.newInstance(Unknown Source)
	at sun.reflect.DelegatingConstructorAccessorImpl.newInstance(DelegatingConstructorAccessorImpl.java:45)
	at java.lang.reflect.Constructor.newInstance(Constructor.java:423)
	at org.openqa.selenium.remote.ErrorHandler.createThrowable(ErrorHandler.java:214)
	at org.openqa.selenium.remote.ErrorHandler.throwIfResponseFailed(ErrorHandler.java:166)
	at org.openqa.selenium.remote.http.JsonHttpResponseCodec.reconstructValue(JsonHttpResponseCodec.java:40)
	at org.openqa.selenium.remote.http.AbstractHttpResponseCodec.decode(AbstractHttpResponseCodec.java:80)
	at org.openqa.selenium.remote.http.AbstractHttpResponseCodec.decode(AbstractHttpResponseCodec.java:44)
	at org.openqa.selenium.remote.HttpCommandExecutor.execute(HttpCommandExecutor.java:158)
	at org.openqa.selenium.remote.service.DriverCommandExecutor.execute(DriverCommandExecutor.java:83)
	at org.openqa.selenium.remote.RemoteWebDriver.execute(RemoteWebDriver.java:543)
	at org.openqa.selenium.remote.RemoteWebDriver.findElement(RemoteWebDriver.java:317)
	at org.openqa.selenium.remote.RemoteWebDriver.findElementByCssSelector(RemoteWebDriver.java:411)
	at org.openqa.selenium.By$ByCssSelector.findElement(By.java:431)
	at org.openqa.selenium.remote.RemoteWebDriver.findElement(RemoteWebDriver.java:309)
	at org.openqa.selenium.support.pagefactory.DefaultElementLocator.findElement(DefaultElementLocator.java:69)
	at org.openqa.selenium.support.pagefactory.internal.LocatingElementHandler.invoke(LocatingElementHandler.java:38)
	at com.sun.proxy.$Proxy9.isDisplayed(Unknown Source)
	at org.openqa.selenium.support.ui.ExpectedConditions.elementIfVisible(ExpectedConditions.java:315)
	at org.openqa.selenium.support.ui.ExpectedConditions.access$100(ExpectedConditions.java:44)
	at org.openqa.selenium.support.ui.ExpectedConditions$10.apply(ExpectedConditions.java:301)
	at org.openqa.selenium.support.ui.ExpectedConditions$10.apply(ExpectedConditions.java:298)
	at org.openqa.selenium.support.ui.ExpectedConditions$23.apply(ExpectedConditions.java:686)
	at org.openqa.selenium.support.ui.ExpectedConditions$23.apply(ExpectedConditions.java:682)
	at org.openqa.selenium.support.ui.FluentWait.until(FluentWait.java:248)
	... 34 more
</error>
  </testcase>
  <testcase classname="AddedSectionTest" name="alignment" time="9.336"/>
  <testcase classname="AddedSectionTest" name="globalStyles_H" time="8.634"/>
  <testcase classname="AddedSectionTest" name="itaclicForBr_H" time="5.088"/>
</testsuite>